{"message":"downloading https://www.savido.net/sites/pornhub","level":"info"}
{"message":"downlading: https://www.savido.net/download?url=https://www.pornhub.com/view_video.php?viewkey=ph5d18cb13d6e01","level":"info"}
{"message":"2Got","level":"info"}
{"message":"downloading https://em.phncdn.com/videos/201906/30/232493541/1080P_4000K_232493541.mp4?validfrom=1580708328&validto=1580715528&rate=50000k&burst=50000k&hash=yNr493%2Bm4mU5iblDPXJgLLhndJA%3D to /root/savido/videos/pornhub/2020-02-03/1080P_4000K_232493541.mp4","level":"info"}
{"message":"downlading: https://www.savido.net/download?url=https://www.pornhub.com/view_video.php?viewkey=ph5dbf3210d7296","level":"info"}
{"message":"0Got","level":"info"}
{"message":"downlading: https://www.savido.net/download?url=https://fr.pornhub.com/view_video.php?viewkey=ph5e2b440218833","level":"info"}
{"message":"1Got","level":"info"}
{"message":"downloading https://em.phncdn.com/videos/202001/24/279066301/720P_1500K_279066301.mp4?validfrom=1580708053&validto=1580715253&rate=500k&burst=1400k&hash=dMoQAva1hl%2B1oiSJTM4UnuRGBjc%3D to /root/savido/videos/pornhub/2020-02-03/720P_1500K_279066301.mp4","level":"info"}
{"message":"downlading: https://www.savido.net/download?url=https://www.pornhub.com/view_video.php?viewkey=ph5e3362d2d0b92","level":"info"}
{"message":"8Got","level":"info"}
{"message":"index-v1-a1.m3u8 video downloaded before, ignore it","level":"warn"}
{"message":"downlading: https://www.savido.net/download?url=https://www.pornhub.com/view_video.php?viewkey=ph5e09b9729758d","level":"info"}
{"message":"8Got","level":"info"}
{"message":"index-f1-v1-a1.m3u8 video downloaded before, ignore it","level":"warn"}
{"message":"downlading: https://www.savido.net/download?url=https://www.pornhub.com/view_video.php?viewkey=ph5e2beb83e7a10","level":"info"}
{"message":"2Got","level":"info"}
{"message":"1080P_4000K_279183101.mp4 video downloaded before, ignore it","level":"warn"}
{"message":"downlading: https://www.savido.net/download?url=https://www.pornhub.com/view_video.php?viewkey=ph5e239d40c65e6","level":"info"}
{"message":"2Got","level":"info"}
{"message":"1080P_4000K_277651901.mp4 video downloaded before, ignore it","level":"warn"}
{"message":"downlading: https://www.savido.net/download?url=https://www.pornhub.com/view_video.php?viewkey=ph5da6154562c9fCom","level":"info"}
{"message":"8Got","level":"info"}
{"message":"index-v1-a1.m3u8 video downloaded before, ignore it","level":"warn"}
{"message":"downlading: https://www.savido.net/download?url=https://www.pornhub.com/view_video.php?viewkey=ph5d9e9ee179be4","level":"info"}
{"message":"2Got","level":"info"}
{"message":"720P_1500K_253879541.mp4 video downloaded before, ignore it","level":"warn"}
{"message":"downlading: https://www.savido.net/download?url=https://www.pornhub.com/view_video.php?viewkey=ph5e0a196c0bf5d","level":"info"}
{"message":"2Got","level":"info"}
{"message":"720P_1500K_272504861.mp4 video downloaded before, ignore it","level":"warn"}
{"message":"downlading: https://www.savido.net/download?url=https://www.pornhub.com/view_video.php?viewkey=ph5de9fc9337f9d","level":"info"}
{"message":"2Got","level":"info"}
{"message":"720P_1500K_266600442.mp4 video downloaded before, ignore it","level":"warn"}
{"message":"downlading: https://www.savido.net/download?url=https://www.pornhub.com/view_video.php?viewkey=ph5e359a554d0b7","level":"info"}
{"message":"2Got","level":"info"}
{"message":"downloading https://dm.phncdn.com/videos/202002/01/281130421/1080P_4000K_281130421.mp4?ttl=1580714791&ri=51200000&rs=400000&hash=a107d96892686086eaa8d7493b31087e to /root/savido/videos/pornhub/2020-02-03/1080P_4000K_281130421.mp4","level":"info"}
{"message":"downlading: https://www.savido.net/download?url=https://fr.pornhub.com/view_video.php?viewkey=ph5d9396d578548","level":"info"}
{"message":"2Got","level":"info"}
{"message":"1080P_4000K_252116282.mp4 video downloaded before, ignore it","level":"warn"}
{"message":"downlading: https://www.savido.net/download?url=https://www.pornhub.com/view_video.php?viewkey=ph5e2bf9b64dc0e","level":"info"}
{"message":"8Got","level":"info"}
{"message":"index-v1-a1.m3u8 video downloaded before, ignore it","level":"warn"}
{"message":"downlading: https://www.savido.net/download?url=https://www.pornhub.com/view_video.php?viewkey=ph5dcfd5686fc32","level":"info"}
{"message":"3Got","level":"info"}
{"message":"1080P_4000K_262049962.mp4 video downloaded before, ignore it","level":"warn"}
{"message":"downlading: https://www.savido.net/download?url=https://pt.pornhub.com/view_video.php?viewkey=ph5999eec724eaf","level":"info"}
{"message":"2Got","level":"info"}
{"message":"170822_2006_1080P_4000K_129353301.mp4 video downloaded before, ignore it","level":"warn"}
{"message":"downlading: https://www.savido.net/download?url=https://www.pornhub.com/view_video.php?viewkey=ph5e111f6800ad4","level":"info"}
{"message":"2Got","level":"info"}
{"message":"1080P_4000K_273935091.mp4 video downloaded before, ignore it","level":"warn"}
{"message":"downlading: https://www.savido.net/download?url=https://cn.pornhub.com/view_video.php?viewkey=ph5deaa77fed454","level":"info"}
{"message":"5Got","level":"info"}
{"message":"index-v1-a1.m3u8 video downloaded before, ignore it","level":"warn"}
{"message":"downlading: https://www.savido.net/download?url=https://www.pornhub.com/view_video.php?viewkey=ph5e1d53d461127","level":"info"}
{"message":"3Got","level":"info"}
{"message":"1080P_4000K_276485531.mp4 video downloaded before, ignore it","level":"warn"}
{"message":"downlading: https://www.savido.net/download?url=https://www.pornhub.com/view_video.php?viewkey=ph5e14cdabad162","level":"info"}
{"message":"2Got","level":"info"}
{"message":"1080P_4000K_274713241.mp4 video downloaded before, ignore it","level":"warn"}
{"message":"downlading: https://www.savido.net/download?url=https://www.pornhub.com/view_video.php?viewkey=ph5e16cd95eb935","level":"info"}
{"message":"8Got","level":"info"}
{"message":"index-f1-v1-a1.m3u8 video downloaded before, ignore it","level":"warn"}
{"message":"downlading: https://www.savido.net/download?url=https://www.thumbzilla.com/video/ph5b55b2085a638/chinese-cam-girl-ut-aicee-live-fuck-in-flight-attendant-uniform","level":"info"}
{"message":"3Got","level":"info"}
{"message":"index-v1-a1.m3u8 video downloaded before, ignore it","level":"warn"}
{"message":"downlading: https://www.savido.net/download?url=https://www.pornhub.com/view_video.php?viewkey=ph5e259c7080bad","level":"info"}
{"message":"8Got","level":"info"}
{"message":"index-v1-a1.m3u8 video downloaded before, ignore it","level":"warn"}
{"message":"downlading: https://www.savido.net/download?url=https://jp.pornhub.com/view_video.php?viewkey=ph5dc9e911d8c5d","level":"info"}
{"message":"1Got","level":"info"}
{"message":"720P_1500K_261026712.mp4 video downloaded before, ignore it","level":"warn"}
