{"message":"downloading https://www.savido.net/sites/pornhub","level":"info"}
{"message":"downlading: https://www.savido.net/download?url=https://www.pornhub.com/view_video.php?viewkey=ph5dbf3210d7296","level":"info"}
{"message":"0Got","level":"info"}
{"message":"downlading: https://www.savido.net/download?url=https://www.pornhub.com/view_video.php?viewkey=ph5e2b28a830b8e","level":"info"}
{"message":"2Got","level":"info"}
{"message":"downloading https://dm.phncdn.com/videos/202001/24/279041671/1080P_4000K_279041671.mp4?ttl=1580099665&ri=51200000&rs=400000&hash=e7f0d056a3db5a086a59d1007076aa92 to /root/savido/videos/pornhub/2020-01-27/1080P_4000K_279041671.mp4","level":"info"}
{"message":"downloading https://www.savido.net/sites/youporn","level":"info"}
{"message":"downlading: https://www.savido.net/download?url=https://www.pornhub.com/view_video.php?viewkey=ph5e09b9729758d","level":"info"}
{"message":"2Got","level":"info"}
{"message":"1080P_4000K_272439671.mp4 video downloaded before, ignore it","level":"warn"}
{"message":"downlading: https://www.savido.net/download?url=https://jp.pornhub.com/view_video.php?viewkey=ph5dc9e911d8c5d","level":"info"}
{"message":"downlading: https://www.savido.net/download?url=https://www.youporn.com/watch/15738168/reality-kings-asain-slut-rae-lil-black-fucks-in-class-while-bff-films/","level":"info"}
{"message":"2Got","level":"info"}
{"message":"downloading https://cm.phncdn.com/videos/201911/11/261026712/720P_1500K_261026712.mp4?a9n-wrK039rreGZLel5gTyLzOF5wnqUyairUH7wnDxRETt1Bj5xE2qLy6IRRNoaigLe0Ck-IwprPTUv3aLaGIRflSRfqL5D_tPzDdigxQZ3DsV-8FTeFoU7Q55jlAx09yfBkyJ-9KjOcmtNg5-hjWs_ZnP1Bdf8Sc6Zhpaf8YSlA3Y46uO4uOQFm54U-9Z5jLMI1xPMeavHX to /root/savido/videos/pornhub/2020-01-27/720P_1500K_261026712.mp4","level":"info"}
{"message":"0Got","level":"info"}
{"message":"downlading: https://www.savido.net/download?url=https://www.youporn.com/watch/14398105/im-gonna-cum-girls-cumming-hard-during-sex-compilation/","level":"info"}
{"message":"0Got","level":"info"}
{"message":"downlading: https://www.savido.net/download?url=https://www.youporn.com/watch/15105259/2019-hot-girls-fucked-college-edition/","level":"info"}
{"message":"2Got","level":"info"}
{"message":"downloading https://ed.ypncdn.com/201901/09/15105259/720p_1500k_15105259/YouPorn_-_2019-hot-girls-fucked-college-edition.mp4?rate=70000000k&burst=1400k&validfrom=1580088300&validto=1580102700&hash=lAI2o9QfCn%2FZw7jAYutezEDaQao%3D to /root/savido/videos/youporn/2020-01-27/YouPorn_-_2019-hot-girls-fucked-college-edition.mp4","level":"info"}
{"message":"downlading: https://www.savido.net/download?url=https://www.youporn.com/watch/15219631/brother-saw-how-step-sister-masturbates-and-decide-to-help-her/","level":"info"}
{"message":"0Got","level":"info"}
{"message":"downlading: https://www.savido.net/download?url=https://www.youporn.com/watch/15588238/i-caught-my-wife-s-sister-masturbating-4k-samantha-flair/","level":"info"}
{"message":"0Got","level":"info"}
{"message":"downlading: https://www.savido.net/download?url=https://www.youporn.com/watch/15162587/bbc-from-football-team-fucks-tiny-tight-all-american-girl/","level":"info"}
{"message":"2Got","level":"info"}
{"message":"downloading https://cd.ypncdn.com/201902/08/15162587/720p_1500k_15162587/YouPorn_-_bbc-from-football-team-fucks-tiny-tight-all-american-girl.mp4?a5dcae8e1adc0bdaed975f076bfb5e05f52c34854a47c825e9c374b75a6c674eb625732b32be5e1afa2e15d3d9282ece91c79fd4b6b892ad7b42d27ac1cf4a6eb9f17f0a20fc67d55e973f007e9740e4d28fb3ac246bf0b58f60fca8e81d50d321be0a1b039832efda94ba9f5b4dd577855977b5c87ec842f03d68388f1ada731bf27597d4988cec3f8820dd0c8e148e6d79b188df54691a13ca84e0c853f5f5a2e05d0e02e9595ce32c72c6509f3117090b54e6e08c23e43ff48894 to /root/savido/videos/youporn/2020-01-27/YouPorn_-_bbc-from-football-team-fucks-tiny-tight-all-american-girl.mp4","level":"info"}
{"message":"downlading: https://www.savido.net/download?url=https://www.youporn.com/watch/14103757/mom-and-step-son-horny-boy-home-from-college/","level":"info"}
{"message":"0Got","level":"info"}
{"message":"downlading: https://www.savido.net/download?url=https://www.youporn.com/watch/15614582/rae-lil-black-in-a-hardcore-fake-hostel-experience/","level":"info"}
{"message":"0Got","level":"info"}
{"message":"downlading: https://www.savido.net/download?url=https://www.youporn.com/watch/15687808/are-you-serious-mom-yoga-milf-fucks-my-bf-and-i-join-in/","level":"info"}
{"message":"0Got","level":"info"}
{"message":"downlading: https://www.savido.net/download?url=https://www.youporn.com/watch/15708670/hot-girl-taking-dick-after-vibrator-creampie-solazola/","level":"info"}
{"message":"0Got","level":"info"}
{"message":"downlading: https://www.savido.net/download?url=https://www.youporn.com/watch/14817565/babes-com-best-of-compilation-august-2018/","level":"info"}
{"message":"2Got","level":"info"}
{"message":"downloading https://ed.ypncdn.com/201809/06/14817565/720p_1500k_14817565/YouPorn_-_babes-com-best-of-compilation-august-2018.mp4?rate=70000000k&burst=2200k&validfrom=1580087400&validto=1580101800&hash=%2BEcZYaU3mkoWi%2BnQASvWa6KJ6EA%3D to /root/savido/videos/youporn/2020-01-27/YouPorn_-_babes-com-best-of-compilation-august-2018.mp4","level":"info"}
{"message":"downlading: https://www.savido.net/download?url=https://www.pornhub.com/view_video.php?viewkey=ph5e2beb83e7a10","level":"info"}
{"message":"2Got","level":"info"}
{"message":"downloading https://dm.phncdn.com/videos/202001/25/279183101/1080P_4000K_279183101.mp4?ttl=1580099583&ri=51200000&rs=400000&hash=4dafc740263c859671efbbf47fdd8ff8 to /root/savido/videos/pornhub/2020-01-27/1080P_4000K_279183101.mp4","level":"info"}
{"message":"downlading: https://www.savido.net/download?url=https://www.youporn.com/watch/15593210/fucked-virgin-bride-first-time-in-anal-and-given-creampie/?t=928","level":"info"}
{"message":"0Got","level":"info"}
{"message":"downlading: https://www.savido.net/download?url=https://www.youporn.com/watch/15804842/wait-you-came-inside-her-yeah-put-that-in-your-fucking-vlog-s11-e4/","level":"info"}
{"message":"0Got","level":"info"}
{"message":"downlading: https://www.savido.net/download?url=https://www.youporn.com/watch/15671494/sislovesme-hot-body-sis-lets-her-bro-cum-on-her/","level":"info"}
{"message":"0Got","level":"info"}
{"message":"downlading: https://www.savido.net/download?url=https://www.youporn.com/watch/15615070/fucked-a-high-school-girl-at-home/","level":"info"}
{"message":"0Got","level":"info"}
{"message":"downlading: https://www.savido.net/download?url=https://www.youporn.com/watch/14654982/unexpected-afternoon-sex-with-my-excited-love-in-fuerteventura/","level":"info"}
{"message":"0Got","level":"info"}
{"message":"downlading: https://www.savido.net/download?url=https://www.youporn.com/watch/15498242/you-promise-not-to-tell-dad/","level":"info"}
{"message":"2Got","level":"info"}
{"message":"downloading https://ev.ypncdn.com/201908/04/15498242/720p_1500k_15498242/YouPorn_-_you-promise-not-to-tell-dad.mp4?rate=350k&burst=1600k&validfrom=1580089900&validto=1580104300&ip=104.128.235.184&hash=5ei63ilEpfVboxU4xEIUbRkq1x4%3D to /root/savido/videos/youporn/2020-01-27/YouPorn_-_you-promise-not-to-tell-dad.mp4","level":"info"}
{"message":"Error Message: Request failed with status code 474 | url: https://www.savido.net/download?url=https://www.youporn.com/watch/15498242/you-promise-not-to-tell-dad/","level":"error"}
{"message":"downlading: https://www.savido.net/download?url=https://www.youporn.com/watch/15316377/two-cum-in-her-beautiful-ass-amateur-anal-creampie/","level":"info"}
{"message":"0Got","level":"info"}
{"message":"downlading: https://www.savido.net/download?url=https://www.youporn.com/watch/13949719/my-step-sister-with-big-tits-fucks-grand-dad-gives-him-titjob-and-handjob/?0=rtyl4e_g","level":"info"}
{"message":"2Got","level":"info"}
{"message":"downloading https://ed.ypncdn.com/201707/14/13949719/720p_1500k_13949719/YouPorn_-_my-step-sister-with-big-tits-fucks-grand-dad-gives-him-titjob-and-handjob.mp4?rate=70000000k&burst=1200k&validfrom=1580089900&validto=1580104300&hash=WjBCnvlpndOukKdxvp7Wa4GMfJ0%3D to /root/savido/videos/youporn/2020-01-27/YouPorn_-_my-step-sister-with-big-tits-fucks-grand-dad-gives-him-titjob-and-handjob.mp4","level":"info"}
{"message":"downlading: https://www.savido.net/download?url=https://www.youporn.com/watch/14552901/stepbrother-and-sister-need-to-share-the-bath-whole-video-on-hot8teen-com/","level":"info"}
{"message":"0Got","level":"info"}
{"message":"downlading: https://www.savido.net/download?url=https://www.youporn.com/watch/15431968/fake-hostel-ass-more-fun-in-tights-with-rough-hardcore-in-hot-threesome/","level":"info"}
{"message":"0Got","level":"info"}
{"message":"downlading: https://www.savido.net/download?url=https://www.youporn.com/watch/14138973/stunning-jillian-janson-lives-erotic-anal-fantasy/","level":"info"}
{"message":"2Got","level":"info"}
{"message":"downloading https://ed.ypncdn.com/201710/18/14138973/720p_1500k_14138973/YouPorn_-_stunning-jillian-janson-lives-erotic-anal-fantasy.mp4?rate=70000000k&burst=1200k&validfrom=1580088600&validto=1580103000&hash=GctAvwsVDzZ2%2F3j3CIbUwiCwHAk%3D to /root/savido/videos/youporn/2020-01-27/YouPorn_-_stunning-jillian-janson-lives-erotic-anal-fantasy.mp4","level":"info"}
{"message":"downlading: https://www.savido.net/download?url=https://www.youporn.com/watch/15807428/james-please-dont-tell-mom-ok-but-help-me-get-an-orgasm/","level":"info"}
{"message":"2Got","level":"info"}
{"message":"downloading https://ev.ypncdn.com/202001/20/15807428/720p_1500k_15807428/YouPorn_-_james-please-dont-tell-mom-ok-but-help-me-get-an-orgasm.mp4?rate=350k&burst=1600k&validfrom=1580089900&validto=1580104300&ip=172.106.88.193&hash=04mVx7%2F0ouK9kTUBB3uL7%2F8%2BNpU%3D to /root/savido/videos/youporn/2020-01-27/YouPorn_-_james-please-dont-tell-mom-ok-but-help-me-get-an-orgasm.mp4","level":"info"}
{"message":"Error Message: Request failed with status code 474 | url: https://www.savido.net/download?url=https://www.youporn.com/watch/15807428/james-please-dont-tell-mom-ok-but-help-me-get-an-orgasm/","level":"error"}
{"message":"downlading: https://www.savido.net/download?url=https://www.youporn.com/watch/15494360/bubble-butt-hottie/","level":"info"}
{"message":"0Got","level":"info"}
{"message":"downlading: https://www.savido.net/download?url=https://www.pornhub.com/view_video.php?viewkey=ph5e239d40c65e6","level":"info"}
{"message":"3Got","level":"info"}
{"message":"1080P_4000K_277651901.mp4 video downloaded before, ignore it","level":"warn"}
{"message":"downlading: https://www.savido.net/download?url=https://www.pornhub.com/view_video.php?viewkey=ph5e0a196c0bf5d","level":"info"}
{"message":"2Got","level":"info"}
{"message":"downloading https://cm.phncdn.com/videos/201912/30/272504861/720P_1500K_272504861.mp4?wmdoLYCGirmLFAweQBFXQZGiW9XtQxpJlIcAH0thqEzBHBm5f4EhHyjpfQVko3Lq_CXTpnmSVNOgWgHSCm_TLYsSkwUOETUtk7kSNnuOznmDp6EOG_Y18RBadTqGCjUDO8CBIBLTrfsb9bYXBkjUjIujqkoYBgCcUR-lYvMA0P1ZTL0tMsCaul8bBRmyoQ-OaEOlZOTGpsExxHqaGFP4Wup7vCATy4MwKhMV1SQHsWWEVLbz to /root/savido/videos/pornhub/2020-01-27/720P_1500K_272504861.mp4","level":"info"}
{"message":"Error Message: Request failed with status code 403 | url: https://www.savido.net/download?url=https://www.pornhub.com/view_video.php?viewkey=ph5e0a196c0bf5d","level":"error"}
{"message":"downlading: https://www.savido.net/download?url=https://www.pornhub.com/view_video.php?viewkey=ph5da6154562c9fCom","level":"info"}
{"message":"8Got","level":"info"}
{"message":"index-v1-a1.m3u8 video downloaded before, ignore it","level":"warn"}
{"message":"downlading: https://www.savido.net/download?url=https://pt.pornhub.com/view_video.php?viewkey=ph5999eec724eaf","level":"info"}
{"message":"2Got","level":"info"}
{"message":"downloading https://dm.phncdn.com/videos/201708/20/129353301/170822_2006_1080P_4000K_129353301.mp4?ttl=1580100524&ri=51200000&rs=400000&hash=2c85f4963fe0aa0e0d727829bd960fb8 to /root/savido/videos/pornhub/2020-01-27/170822_2006_1080P_4000K_129353301.mp4","level":"info"}
{"message":"downlading: https://www.savido.net/download?url=https://fr.pornhub.com/view_video.php?viewkey=ph5d9396d578548","level":"info"}
{"message":"3Got","level":"info"}
{"message":"1080P_4000K_252116282.mp4 video downloaded before, ignore it","level":"warn"}
{"message":"downlading: https://www.savido.net/download?url=https://www.pornhub.com/view_video.php?viewkey=ph5e259c7080bad","level":"info"}
{"message":"8Got","level":"info"}
{"message":"index-v1-a1.m3u8 video downloaded before, ignore it","level":"warn"}
{"message":"downlading: https://www.savido.net/download?url=https://www.pornhub.com/view_video.php?viewkey=ph5e16cd95eb935","level":"info"}
{"message":"8Got","level":"info"}
{"message":"index-v1-a1.m3u8 video downloaded before, ignore it","level":"warn"}
{"message":"downlading: https://www.savido.net/download?url=https://rt.pornhub.com/view_video.php?viewkey=ph5d70c74376ada","level":"info"}
{"message":"8Got","level":"info"}
{"message":"index-v1-a1.m3u8 video downloaded before, ignore it","level":"warn"}
{"message":"downlading: https://www.savido.net/download?url=https://www.pornhub.com/view_video.php?viewkey=ph5e1d53d461127","level":"info"}
{"message":"2Got","level":"info"}
{"message":"1080P_4000K_276485531.mp4 video downloaded before, ignore it","level":"warn"}
{"message":"downlading: https://www.savido.net/download?url=https://www.pornhub.com/view_video.php?viewkey=ph5e111f6800ad4","level":"info"}
{"message":"2Got","level":"info"}
{"message":"1080P_4000K_273935091.mp4 video downloaded before, ignore it","level":"warn"}
{"message":"downlading: https://www.savido.net/download?url=https://www.thumbzilla.com/video/ph5b55b2085a638/chinese-cam-girl-ut-aicee-live-fuck-in-flight-attendant-uniform","level":"info"}
{"message":"3Got","level":"info"}
{"message":"index-v1-a1.m3u8 video downloaded before, ignore it","level":"warn"}
{"message":"downlading: https://www.savido.net/download?url=https://www.pornhub.com/view_video.php?viewkey=ph5d9e9ee179be4","level":"info"}
{"message":"5Got","level":"info"}
{"message":"index-v1-a1.m3u8 video downloaded before, ignore it","level":"warn"}
{"message":"downlading: https://www.savido.net/download?url=https://www.pornhub.com/view_video.php?viewkey=ph5de9fc9337f9d","level":"info"}
{"message":"2Got","level":"info"}
{"message":"1080P_4000K_266600442.mp4 video downloaded before, ignore it","level":"warn"}
{"message":"downlading: https://www.savido.net/download?url=https://www.pornhub.com/view_video.php?viewkey=ph5d77ed7a541de","level":"info"}
{"message":"0Got","level":"info"}
{"message":"downlading: https://www.savido.net/download?url=https://www.pornhub.com/view_video.php?viewkey=ph5dcfd5686fc32","level":"info"}
{"message":"2Got","level":"info"}
{"message":"1080P_4000K_262049962.mp4 video downloaded before, ignore it","level":"warn"}
{"message":"downlading: https://www.savido.net/download?url=https://www.pornhub.com/view_video.php?viewkey=ph5e14cdabad162","level":"info"}
{"message":"2Got","level":"info"}
{"message":"1080P_4000K_274713241.mp4 video downloaded before, ignore it","level":"warn"}
{"message":"downlading: https://www.savido.net/download?url=https://www.pornhub.com/view_video.php?viewkey=ph5d94bf491e8cd","level":"info"}
{"message":"2Got","level":"info"}
{"message":"720P_1500K_252295182.mp4 video downloaded before, ignore it","level":"warn"}
{"message":"downlading: https://www.savido.net/download?url=https://www.pornhub.com/view_video.php?viewkey=ph5e09fef2b980f","level":"info"}
{"message":"3Got","level":"info"}
{"message":"1080P_4000K_272484141.mp4 video downloaded before, ignore it","level":"warn"}
{"message":"downlading: https://www.savido.net/download?url=https://www.pornhub.com/view_video.php?viewkey=ph5e1849841dc07","level":"info"}
{"message":"2Got","level":"info"}
{"message":"downloading https://dm1.phncdn.com/videos/202001/10/275428011/1080P_4000K_275428011.mp4?ttl=1580100829&ri=51200000&rs=400000&clientip=167.172.145.148&hash=377e247a64368da218c705733e5a701f to /root/savido/videos/pornhub/2020-01-27/1080P_4000K_275428011.mp4","level":"info"}
{"message":"Error Message: Request failed with status code 403 | url: https://www.savido.net/download?url=https://www.pornhub.com/view_video.php?viewkey=ph5e1849841dc07","level":"error"}
